MPASM  5.31                        PRUEBA.ASM   11-3-2018  11:47:48         PAGE  1


LOC  OBJECT CODE     LINE SOURCE TEXT
  VALUE

                      00001 #INCLUDE <P16F628A.inc>
                      00001         LIST
                      00002 ; P16F628A.INC  Standard Header File, Version 1.10    Microchip Technology, Inc.
                      00265         LIST
                      00266 
                      00002 
Warning[205]: Found directive in column 1. (__CONFIG)
2007   0001           00003 __CONFIG 3F10 && _WDT_OFF
                      00004 
                      00005                 CBLOCK 0x20
  00000020            00006                 CONT1
  00000021            00007                 CONT2
  00000022            00008                 DIG_DSP1
  00000023            00009                 DIG_DSP2
  00000024            00010                 DIG_DSP3
  00000025            00011                 DIG_DSP4
  00000026            00012                 D1
  00000027            00013                 D2
  00000028            00014                 D3
  00000029            00015                 D4
  0000002A            00016                 AUX_W
  0000002B            00017                 AUX_STATUS
                      00018                 ENDC
                      00019 
                      00020 ;DECLARACION DE CONSTATNES
                      00021 
                      00022 #DEFINE BTN_G1  PORTA,6
                      00023 #DEFINE BTN_G2  PORTA,7
                      00024 #DEFINE BTN_R   PORTA,4
                      00025 #DEFINE BTN_M   PORTB,0
                      00026 
                      00027 #DEFINE PIN_D1  3
                      00028 #DEFINE PIN_D2  2
                      00029 #DEFINE PIN_D3  1
                      00030 #DEFINE PIN_D4  0
                      00031 
                      00032 ;DECLARACION DE MACROS
                      00033 
                      00034 MOSTRAR MACRO   DIGITO,PIN
                      00035                 CLRF    PORTA
                      00036                 MOVF    DIGITO,W
                      00037                 CALL    TAB_DISPLAY
                      00038                 MOVWF   PORTB
                      00039                 BSF             PORTA,PIN
                      00040                 ENDM
                      00041 
                      00042 ;SUMAR  MACRO   DIGITO
                      00043 ;                               INCF    DIGITO,F
                      00044 ;                               MOVF    DIGITO,W
                      00045 ;                               XORLW   .10
                      00046 ;                               BTFSC   STATUS,Z
                      00047 ;                               CLRF    DIGITO
                      00048 ;                               ENDM
MPASM  5.31                        PRUEBA.ASM   11-3-2018  11:47:48         PAGE  2


LOC  OBJECT CODE     LINE SOURCE TEXT
  VALUE

                      00049 
                      00050 ;INICIO DEL PROGRAMA
                      00051 
                      00052         ORG 0x00
0000   2???           00053         GOTO CONFI
                      00054         
                      00055         ORG     0X04
                      00056 ;RUTINA DE INTERRUPCION
                      00057 ;GUARDA STATUS Y W EN VARIABLES AUXILIARES
0004   110B           00058                 BCF             INTCON,T0IF
0005   138B           00059                 BCF             INTCON,GIE              
0006   00AA           00060                 MOVWF   AUX_W
0007   3003           00061                 MOVLW   STATUS
0008   00AB           00062                 MOVWF   AUX_STATUS
                      00063 
                      00064 ;MULTIPLEXADO DE DISPLAYS
0009   1985           00065                 BTFSC   PORTA,PIN_D1
000A   2???           00066                 GOTO    MOSTRAR_D2                      
000B   1905           00067                 BTFSC   PORTA,PIN_D2
000C   2???           00068                 GOTO    MOSTRAR_D3
000D   1885           00069                 BTFSC   PORTA,PIN_D3
000E   2???           00070                 GOTO    MOSTRAR_D4
                      00071                 
                      00072                 MOSTRAR DIG_DSP1,PIN_D1
000F   0185               M                 CLRF    PORTA
0010   0822               M                 MOVF    DIG_DSP1,W
0011   2???               M                 CALL    TAB_DISPLAY
0012   0086               M                 MOVWF   PORTB
0013   1585               M                 BSF             PORTA,3
0014   2???           00073                 GOTO    FIN_T0I
                      00074 
0015                  00075 MOSTRAR_D2
                      00076                 MOSTRAR DIG_DSP2,PIN_D2
0015   0185               M                 CLRF    PORTA
0016   0823               M                 MOVF    DIG_DSP2,W
0017   2???               M                 CALL    TAB_DISPLAY
0018   0086               M                 MOVWF   PORTB
0019   1505               M                 BSF             PORTA,2
001A   2???           00077                 GOTO    FIN_T0I
                      00078 
001B                  00079 MOSTRAR_D3
                      00080                 MOSTRAR DIG_DSP3,PIN_D3
001B   0185               M                 CLRF    PORTA
001C   0824               M                 MOVF    DIG_DSP3,W
001D   2???               M                 CALL    TAB_DISPLAY
001E   0086               M                 MOVWF   PORTB
001F   1485               M                 BSF             PORTA,1
0020   2???           00081                 GOTO    FIN_T0I
                      00082 
0021                  00083 MOSTRAR_D4
                      00084                 MOSTRAR DIG_DSP4,PIN_D4
0021   0185               M                 CLRF    PORTA
0022   0825               M                 MOVF    DIG_DSP4,W
MPASM  5.31                        PRUEBA.ASM   11-3-2018  11:47:48         PAGE  3


LOC  OBJECT CODE     LINE SOURCE TEXT
  VALUE

0023   2???               M                 CALL    TAB_DISPLAY
0024   0086               M                 MOVWF   PORTB
0025   1405               M                 BSF             PORTA,0
                      00085                 
0026                  00086 FIN_T0I
                      00087 ;REINICIA TIMER Y RECUPERA STATUS Y W
0026   30C6           00088                 MOVLW   .198
0027   0081           00089                 MOVWF   TMR0
0028   082B           00090                 MOVF    AUX_STATUS,W
0029   0083           00091                 MOVWF   STATUS
002A   082A           00092                 MOVF    AUX_W,W
002B   0009           00093                 RETFIE
                      00094 
                      00095 ;CONFIGURACION
                      00096                 
002C                  00097 CONFI
002C   3007           00098                 MOVLW   0X07
002D   009F           00099                 MOVWF   CMCON ; CMCON SE TIENE QUE ESTABLECER EN 7 PARA USAR TODO EL PORTA
002E   30C6           00100                 MOVLW   .198
002F   0081           00101                 MOVWF   TMR0
0030   1683           00102                 BSF             STATUS,RP0
0031   3001           00103                 MOVLW   b'00000001'
Message[302]: Register in operand not in bank 0.  Ensure that bank bits are correct.
0032   0086           00104                 MOVWF   TRISB   
0033   30F0           00105                 MOVLW   b'11110000'
Message[302]: Register in operand not in bank 0.  Ensure that bank bits are correct.
0034   0085           00106                 MOVWF   TRISA
Message[302]: Register in operand not in bank 0.  Ensure that bank bits are correct.
0035   1281           00107                 BCF             OPTION_REG,T0CS
Message[302]: Register in operand not in bank 0.  Ensure that bank bits are correct.
0036   1181           00108                 BCF             OPTION_REG,PSA
Message[302]: Register in operand not in bank 0.  Ensure that bank bits are correct.
0037   1401           00109                 BSF             OPTION_REG,PS0
Message[302]: Register in operand not in bank 0.  Ensure that bank bits are correct.
0038   1481           00110                 BSF             OPTION_REG,PS1
Message[302]: Register in operand not in bank 0.  Ensure that bank bits are correct.
0039   1501           00111                 BSF             OPTION_REG,PS2
003A   178B           00112                 BSF             INTCON,GIE
003B   168B           00113                 BSF             INTCON,T0IE
003C   1283           00114                 BCF             STATUS,RP0
                      00115 
                      00116 ;RUTINA PRINCIPAL
003D   0185           00117                 CLRF    PORTA
003E   0186           00118                 CLRF    PORTB
003F   01A6           00119                 CLRF    D1
0040   01A7           00120                 CLRF    D2
0041   01A8           00121                 CLRF    D3
0042   01A9           00122                 CLRF    D4
                      00123                                 
0043                  00124 BOTONES
0043   1F05           00125 ESPERA  BTFSS   BTN_G1
0044   2???           00126                 GOTO    ESPERA
0045   2???           00127                 CALL    DELAY_20MS
MPASM  5.31                        PRUEBA.ASM   11-3-2018  11:47:48         PAGE  4


LOC  OBJECT CODE     LINE SOURCE TEXT
  VALUE

0046   1B05           00128                 BTFSC   BTN_G1
0047   2???           00129                 GOTO    ESPERA
0048   2???           00130                 CALL    SUMAR
0049   2???           00131                 GOTO    BOTONES
                      00132 
004A                  00133 SUMAR
004A   0AA2           00134         INCF    DIG_DSP1,F
004B   0822           00135         MOVF    DIG_DSP1,W
004C   3A0A           00136         XORLW   .10
004D   1D03           00137         BTFSS   STATUS,Z
004E   2???           00138         GOTO    FIN_RUT
004F   01A2           00139         CLRF    DIG_DSP1
0050   0AA3           00140         INCF    DIG_DSP2,F
0051   0823           00141         MOVF    DIG_DSP2,W
0052   3A0A           00142         XORLW   .10
0053   1D03           00143         BTFSS   STATUS,Z
0054   2???           00144         GOTO    FIN_RUT
0055   01A3           00145         CLRF    DIG_DSP2
0056   0AA4           00146         INCF    DIG_DSP3,F
0057   0824           00147         MOVF    DIG_DSP3,W
0058   3A0A           00148         XORLW   .10
0059   1D03           00149         BTFSS   STATUS,Z
005A   2???           00150         GOTO    FIN_RUT
005B   01A4           00151         CLRF    DIG_DSP3
005C                  00152 FIN_RUT 
005C   0008           00153         RETURN
                      00154                 
005D                  00155 DELAY_20MS
005D   30FA           00156         MOVLW   .250
005E   00A0           00157         MOVWF   CONT1
005F   3014           00158         MOVLW   .20
0060   00A1           00159         MOVWF   CONT2
0061   0000           00160 L1      NOP
0062   0BA0           00161         DECFSZ  CONT1,F
0063   2???           00162         GOTO    L1
0064   0BA1           00163 L2      DECFSZ  CONT2,F
0065   2???           00164         GOTO    L2
0066   0008           00165         RETURN 
                      00166 
0067                  00167 TAB_DISPLAY
0067   0782           00168         ADDWF   PCL,1
                      00169         ;         GFEDCBA-
0068   347F           00170         RETLW   b'01111111'     ;0
0069   340D           00171         RETLW   b'00001101' ;1
006A   34B7           00172         RETLW   b'10110111' ;2
006B   349F           00173         RETLW   b'10011111' ;3
006C   34CD           00174         RETLW   b'11001101' ;4
006D   34DB           00175         RETLW   b'11011011' ;5
006E   34FB           00176         RETLW   b'11111011' ;6
006F   340F           00177         RETLW   b'00001111' ;7
0070   34FF           00178         RETLW   b'11111111' ;8
0071   34CF           00179         RETLW   b'11001111' ;9
                      00180                 
MPASM  5.31                        PRUEBA.ASM   11-3-2018  11:47:48         PAGE  5


LOC  OBJECT CODE     LINE SOURCE TEXT
  VALUE

Warning[205]: Found directive in column 1. (END)
0001                  00181 END
MPASM  5.31                        PRUEBA.ASM   11-3-2018  11:47:48         PAGE  6


SYMBOL TABLE
  LABEL                             VALUE 

ADEN                              00000003
AUX_STATUS                        0000002B
AUX_W                             0000002A
BOTONES                           00000043
BRGH                              00000002
BTN_G1                            PORTA,6
BTN_G2                            PORTA,7
BTN_M                             PORTB,0
BTN_R                             PORTA,4
C                                 00000000
C1INV                             00000004
C1OUT                             00000006
C2INV                             00000005
C2OUT                             00000007
CCP1CON                           00000017
CCP1IE                            00000002
CCP1IF                            00000002
CCP1M0                            00000000
CCP1M1                            00000001
CCP1M2                            00000002
CCP1M3                            00000003
CCP1X                             00000005
CCP1Y                             00000004
CCPR1H                            00000016
CCPR1L                            00000015
CIS                               00000003
CM0                               00000000
CM1                               00000001
CM2                               00000002
CMCON                             0000001F
CMIE                              00000006
CMIF                              00000006
CONFI                             0000002C
CONT1                             00000020
CONT2                             00000021
CREN                              00000004
CSRC                              00000007
D1                                00000026
D2                                00000027
D3                                00000028
D4                                00000029
DC                                00000001
DELAY_20MS                        0000005D
DIG_DSP1                          00000022
DIG_DSP2                          00000023
DIG_DSP3                          00000024
DIG_DSP4                          00000025
EEADR                             0000009B
EECON1                            0000009C
EECON2                            0000009D
EEDATA                            0000009A
EEIE                              00000007
EEIF                              00000007
MPASM  5.31                        PRUEBA.ASM   11-3-2018  11:47:48         PAGE  7


SYMBOL TABLE
  LABEL                             VALUE 

ESPERA                            00000043
F                                 00000001
FERR                              00000002
FIN_RUT                           0000005C
FIN_T0I                           00000026
FSR                               00000004
GIE                               00000007
INDF                              00000000
INTCON                            0000000B
INTE                              00000004
INTEDG                            00000006
INTF                              00000001
IRP                               00000007
L1                                00000061
L2                                00000064
MOSTRAR                           
MOSTRAR_D2                        00000015
MOSTRAR_D3                        0000001B
MOSTRAR_D4                        00000021
NOT_BO                            00000000
NOT_BOD                           00000000
NOT_BOR                           00000000
NOT_PD                            00000003
NOT_POR                           00000001
NOT_RBPU                          00000007
NOT_T1SYNC                        00000002
NOT_TO                            00000004
OERR                              00000001
OPTION_REG                        00000081
OSCF                              00000003
PCL                               00000002
PCLATH                            0000000A
PCON                              0000008E
PEIE                              00000006
PIE1                              0000008C
PIN_D1                            3
PIN_D2                            2
PIN_D3                            1
PIN_D4                            0
PIR1                              0000000C
PORTA                             00000005
PORTB                             00000006
PR2                               00000092
PS0                               00000000
PS1                               00000001
PS2                               00000002
PSA                               00000003
RBIE                              00000003
RBIF                              00000000
RCIE                              00000005
RCIF                              00000005
RCREG                             0000001A
RCSTA                             00000018
MPASM  5.31                        PRUEBA.ASM   11-3-2018  11:47:48         PAGE  8


SYMBOL TABLE
  LABEL                             VALUE 

RD                                00000000
RP0                               00000005
RP1                               00000006
RX9                               00000006
RX9D                              00000000
SPBRG                             00000099
SPEN                              00000007
SREN                              00000005
STATUS                            00000003
SUMAR                             0000004A
SYNC                              00000004
T0CS                              00000005
T0IE                              00000005
T0IF                              00000002
T0SE                              00000004
T1CKPS0                           00000004
T1CKPS1                           00000005
T1CON                             00000010
T1OSCEN                           00000003
T2CKPS0                           00000000
T2CKPS1                           00000001
T2CON                             00000012
TAB_DISPLAY                       00000067
TMR0                              00000001
TMR1CS                            00000001
TMR1H                             0000000F
TMR1IE                            00000000
TMR1IF                            00000000
TMR1L                             0000000E
TMR1ON                            00000000
TMR2                              00000011
TMR2IE                            00000001
TMR2IF                            00000001
TMR2ON                            00000002
TOUTPS0                           00000003
TOUTPS1                           00000004
TOUTPS2                           00000005
TOUTPS3                           00000006
TRISA                             00000085
TRISB                             00000086
TRMT                              00000001
TX9                               00000006
TX9D                              00000000
TXEN                              00000005
TXIE                              00000004
TXIF                              00000004
TXREG                             00000019
TXSTA                             00000098
VR0                               00000000
VR1                               00000001
VR2                               00000002
VR3                               00000003
VRCON                             0000009F
MPASM  5.31                        PRUEBA.ASM   11-3-2018  11:47:48         PAGE  9


SYMBOL TABLE
  LABEL                             VALUE 

VREN                              00000007
VROE                              00000006
VRR                               00000005
W                                 00000000
WR                                00000001
WREN                              00000002
WRERR                             00000003
Z                                 00000002
_BODEN_OFF                        00003FBF
_BODEN_ON                         00003FFF
_BOREN_OFF                        00003FBF
_BOREN_ON                         00003FFF
_CP_OFF                           00003FFF
_CP_ON                            00001FFF
_DATA_CP_OFF                      00003FFF
_DATA_CP_ON                       00003EFF
_ER_OSC_CLKOUT                    00003FFF
_ER_OSC_NOCLKOUT                  00003FFE
_EXTCLK_OSC                       00003FEF
_HS_OSC                           00003FEE
_INTOSC_OSC_CLKOUT                00003FFD
_INTOSC_OSC_NOCLKOUT              00003FFC
_INTRC_OSC_CLKOUT                 00003FFD
_INTRC_OSC_NOCLKOUT               00003FFC
_LP_OSC                           00003FEC
_LVP_OFF                          00003F7F
_LVP_ON                           00003FFF
_MCLRE_OFF                        00003FDF
_MCLRE_ON                         00003FFF
_PWRTE_OFF                        00003FFF
_PWRTE_ON                         00003FF7
_RC_OSC_CLKOUT                    00003FFF
_RC_OSC_NOCLKOUT                  00003FFE
_WDT_OFF                          00003FFB
_WDT_ON                           00003FFF
_XT_OSC                           00003FED
__16F628A                         00000001
__DEBUG                           1

Errors   :     0
Warnings :     2 reported,     0 suppressed
Messages :     7 reported,     0 suppressed

